<?xml version="1.0" encoding="UTF-8"?>
<!-- Generated by org.testng.reporters.JUnitXMLReporter -->
<testsuite ignored="0" hostname="DESKTOP-NRQJBIJ" failures="0" tests="4" name="RestAssuredAPIAutomation" time="13.052" errors="0" timestamp="2023-05-27T22:46:13 IST">
  <testcase classname="com.api.petstore.testcases.GetDataTest" name="testGetUserData" time="5.6"/>
  <testcase classname="com.api.petstore.testcases.CreateDataTest" name="testCreateUser" time="1.241"/>
  <testcase classname="com.api.petstore.testcases.UpdateDataTest" name="testUpdateUserData" time="1.743"/>
  <testcase classname="com.api.petstore.testcases.DeleteDataTest" name="testDeleteUser" time="3.326"/>
</testsuite> <!-- RestAssuredAPIAutomation -->
