<?xml version="1.0" encoding="UTF-8"?>
<testng-results ignored="0" total="4" passed="4" failed="0" skipped="0">
  <reporter-output>
  </reporter-output>
  <suite started-at="2023-05-27T22:46:00 IST" name="APIAutomationSuite" finished-at="2023-05-27T22:46:13 IST" duration-ms="13052">
    <groups>
    </groups>
    <test started-at="2023-05-27T22:46:00 IST" name="RestAssuredAPIAutomation" finished-at="2023-05-27T22:46:13 IST" duration-ms="13052">
      <class name="com.api.petstore.testcases.CreateDataTest">
        <test-method is-config="true" signature="setup()[pri:0, instance:com.api.petstore.testcases.CreateDataTest@3b48e183]" started-at="2023-05-27T22:46:06 IST" name="setup" finished-at="2023-05-27T22:46:06 IST" duration-ms="1" status="PASS">
          <reporter-output>
          </reporter-output>
        </test-method> <!-- setup -->
        <test-method signature="testCreateUser()[pri:0, instance:com.api.petstore.testcases.CreateDataTest@3b48e183]" started-at="2023-05-27T22:46:06 IST" name="testCreateUser" finished-at="2023-05-27T22:46:08 IST" duration-ms="1241" status="PASS">
          <reporter-output>
          </reporter-output>
        </test-method> <!-- testCreateUser -->
      </class> <!-- com.api.petstore.testcases.CreateDataTest -->
      <class name="com.api.petstore.testcases.GetDataTest">
        <test-method is-config="true" signature="setup()[pri:0, instance:com.api.petstore.testcases.GetDataTest@5434e40c]" started-at="2023-05-27T22:46:00 IST" name="setup" finished-at="2023-05-27T22:46:01 IST" duration-ms="983" status="PASS">
          <reporter-output>
          </reporter-output>
        </test-method> <!-- setup -->
        <test-method signature="testGetUserData()[pri:0, instance:com.api.petstore.testcases.GetDataTest@5434e40c]" started-at="2023-05-27T22:46:01 IST" name="testGetUserData" finished-at="2023-05-27T22:46:06 IST" duration-ms="5600" status="PASS">
          <reporter-output>
          </reporter-output>
        </test-method> <!-- testGetUserData -->
      </class> <!-- com.api.petstore.testcases.GetDataTest -->
      <class name="com.api.petstore.testcases.DeleteDataTest">
        <test-method is-config="true" signature="setup()[pri:0, instance:com.api.petstore.testcases.DeleteDataTest@30c1da48]" started-at="2023-05-27T22:46:09 IST" name="setup" finished-at="2023-05-27T22:46:09 IST" duration-ms="0" status="PASS">
          <reporter-output>
          </reporter-output>
        </test-method> <!-- setup -->
        <test-method signature="testDeleteUser()[pri:0, instance:com.api.petstore.testcases.DeleteDataTest@30c1da48]" started-at="2023-05-27T22:46:09 IST" name="testDeleteUser" finished-at="2023-05-27T22:46:13 IST" duration-ms="3326" status="PASS">
          <reporter-output>
          </reporter-output>
        </test-method> <!-- testDeleteUser -->
      </class> <!-- com.api.petstore.testcases.DeleteDataTest -->
      <class name="com.api.petstore.testcases.UpdateDataTest">
        <test-method is-config="true" signature="setup()[pri:0, instance:com.api.petstore.testcases.UpdateDataTest@514de325]" started-at="2023-05-27T22:46:08 IST" name="setup" finished-at="2023-05-27T22:46:08 IST" duration-ms="0" status="PASS">
          <reporter-output>
          </reporter-output>
        </test-method> <!-- setup -->
        <test-method signature="testUpdateUserData()[pri:0, instance:com.api.petstore.testcases.UpdateDataTest@514de325]" started-at="2023-05-27T22:46:08 IST" name="testUpdateUserData" finished-at="2023-05-27T22:46:09 IST" duration-ms="1743" status="PASS">
          <reporter-output>
          </reporter-output>
        </test-method> <!-- testUpdateUserData -->
      </class> <!-- com.api.petstore.testcases.UpdateDataTest -->
    </test> <!-- RestAssuredAPIAutomation -->
  </suite> <!-- APIAutomationSuite -->
</testng-results>
